<?xml version="1.0" encoding="UTF-8"?>
<robot generator="Robot 7.2.2 (Python 3.13.2 on win32)" generated="2025-02-13T09:57:24.446885" rpa="false" schemaversion="5">
<suite id="s1" name="Testcases" source="D:\Workshop Automate Test\FullWorkshop_Robot\testcases">
<suite id="s1-s1" name="RegisterTestcases" source="D:\Workshop Automate Test\FullWorkshop_Robot\testcases\RegisterTestcases.robot">
<kw name="Open Browser" owner="SeleniumLibrary" type="SETUP">
<msg time="2025-02-13T09:57:24.626293" level="INFO">Opening browser 'chrome' to base url 'https://futureskill.co/'.</msg>
<arg>${baseUrl}</arg>
<arg>chrome</arg>
<doc>Opens a new browser instance to the optional ``url``.</doc>
<status status="PASS" start="2025-02-13T09:57:24.626080" elapsed="1.699943"/>
</kw>
<test id="s1-s1-t1" name="As a user, I want to register future skill account with valid credential" line="11">
<kw name="When user will register to future skill platform with ${email} ${name} ${surname} ${phone} ${newPassword} and ${confirmPassword}" owner="RegisterKeywords" source_name="user will register to future skill platform with ${email} ${name} ${surname} ${phone} ${newPassword} and ${confirmPassword}">
<kw name="Wait until element is ready then click element" owner="CommonKeywords">
<kw name="Wait Until Keyword Succeeds" owner="BuiltIn">
<kw name="Click Element" owner="SeleniumLibrary">
<msg time="2025-02-13T09:57:26.328731" level="INFO">Clicking element 'xpath=//button[text()="สมัครสมาชิก"]'.</msg>
<msg time="2025-02-13T09:57:26.677728" level="INFO" html="true">&lt;/td&gt;&lt;/tr&gt;&lt;tr&gt;&lt;td colspan="3"&gt;&lt;a href="selenium-screenshot-10.png"&gt;&lt;img src="selenium-screenshot-10.png" width="800px"&gt;&lt;/a&gt;</msg>
<msg time="2025-02-13T09:57:26.677989" level="FAIL">Element with locator 'xpath=//button[text()="สมัครสมาชิก"]' not found.</msg>
<arg>${locator}</arg>
<doc>Click the element identified by ``locator``.</doc>
<status status="FAIL" start="2025-02-13T09:57:26.328440" elapsed="0.351514">Element with locator 'xpath=//button[text()="สมัครสมาชิก"]' not found.</status>
</kw>
<kw name="Click Element" owner="SeleniumLibrary">
<msg time="2025-02-13T09:57:28.681810" level="INFO">Clicking element 'xpath=//button[text()="สมัครสมาชิก"]'.</msg>
<arg>${locator}</arg>
<doc>Click the element identified by ``locator``.</doc>
<status status="PASS" start="2025-02-13T09:57:28.681064" elapsed="0.588677"/>
</kw>
<arg>5x</arg>
<arg>2s</arg>
<arg>Click Element</arg>
<arg>${locator}</arg>
<doc>Runs the specified keyword and retries if it fails.</doc>
<status status="PASS" start="2025-02-13T09:57:26.328252" elapsed="2.941583"/>
</kw>
<arg>xpath=//button[text()="สมัครสมาชิก"]</arg>
<status status="PASS" start="2025-02-13T09:57:26.327930" elapsed="2.941978"/>
</kw>
<kw name="Wait until element is ready then input text" owner="CommonKeywords">
<kw name="Wait Until Keyword Succeeds" owner="BuiltIn">
<kw name="Input Text" owner="SeleniumLibrary">
<msg time="2025-02-13T09:57:29.270632" level="INFO">Typing text 'test1234@gmail.com' into text field 'name=email'.</msg>
<arg>${locator}</arg>
<arg>${text}</arg>
<doc>Types the given ``text`` into the text field identified by ``locator``.</doc>
<status status="PASS" start="2025-02-13T09:57:29.270480" elapsed="0.210549"/>
</kw>
<arg>5x</arg>
<arg>2s</arg>
<arg>Input Text</arg>
<arg>${locator}</arg>
<arg>${text}</arg>
<doc>Runs the specified keyword and retries if it fails.</doc>
<status status="PASS" start="2025-02-13T09:57:29.270336" elapsed="0.210800"/>
</kw>
<arg>name=email</arg>
<arg>${email}</arg>
<status status="PASS" start="2025-02-13T09:57:29.270058" elapsed="0.211161"/>
</kw>
<kw name="Wait until element is ready then input text" owner="CommonKeywords">
<kw name="Wait Until Keyword Succeeds" owner="BuiltIn">
<kw name="Input Text" owner="SeleniumLibrary">
<msg time="2025-02-13T09:57:29.482030" level="INFO">Typing text 'Jonh' into text field 'name=firstName'.</msg>
<arg>${locator}</arg>
<arg>${text}</arg>
<doc>Types the given ``text`` into the text field identified by ``locator``.</doc>
<status status="PASS" start="2025-02-13T09:57:29.481882" elapsed="0.037775"/>
</kw>
<arg>5x</arg>
<arg>2s</arg>
<arg>Input Text</arg>
<arg>${locator}</arg>
<arg>${text}</arg>
<doc>Runs the specified keyword and retries if it fails.</doc>
<status status="PASS" start="2025-02-13T09:57:29.481701" elapsed="0.038033"/>
</kw>
<arg>name=firstName</arg>
<arg>${name}</arg>
<status status="PASS" start="2025-02-13T09:57:29.481393" elapsed="0.038397"/>
</kw>
<kw name="Wait until element is ready then input text" owner="CommonKeywords">
<kw name="Wait Until Keyword Succeeds" owner="BuiltIn">
<kw name="Input Text" owner="SeleniumLibrary">
<msg time="2025-02-13T09:57:29.520421" level="INFO">Typing text 'Wick' into text field 'name=lastName'.</msg>
<arg>${locator}</arg>
<arg>${text}</arg>
<doc>Types the given ``text`` into the text field identified by ``locator``.</doc>
<status status="PASS" start="2025-02-13T09:57:29.520285" elapsed="0.036461"/>
</kw>
<arg>5x</arg>
<arg>2s</arg>
<arg>Input Text</arg>
<arg>${locator}</arg>
<arg>${text}</arg>
<doc>Runs the specified keyword and retries if it fails.</doc>
<status status="PASS" start="2025-02-13T09:57:29.520148" elapsed="0.036676"/>
</kw>
<arg>name=lastName</arg>
<arg>${surname}</arg>
<status status="PASS" start="2025-02-13T09:57:29.519923" elapsed="0.036957"/>
</kw>
<kw name="Wait until element is ready then input text" owner="CommonKeywords">
<kw name="Wait Until Keyword Succeeds" owner="BuiltIn">
<kw name="Input Text" owner="SeleniumLibrary">
<msg time="2025-02-13T09:57:29.557770" level="INFO">Typing text '0851464107' into text field 'name=phoneNumber'.</msg>
<arg>${locator}</arg>
<arg>${text}</arg>
<doc>Types the given ``text`` into the text field identified by ``locator``.</doc>
<status status="PASS" start="2025-02-13T09:57:29.557589" elapsed="0.040360"/>
</kw>
<arg>5x</arg>
<arg>2s</arg>
<arg>Input Text</arg>
<arg>${locator}</arg>
<arg>${text}</arg>
<doc>Runs the specified keyword and retries if it fails.</doc>
<status status="PASS" start="2025-02-13T09:57:29.557359" elapsed="0.040668"/>
</kw>
<arg>name=phoneNumber</arg>
<arg>${phone}</arg>
<status status="PASS" start="2025-02-13T09:57:29.557012" elapsed="0.041157"/>
</kw>
<kw name="Wait until element is ready then input text" owner="CommonKeywords">
<kw name="Wait Until Keyword Succeeds" owner="BuiltIn">
<kw name="Input Text" owner="SeleniumLibrary">
<msg time="2025-02-13T09:57:29.598791" level="INFO">Typing text '12345678Ab' into text field 'name=newPassword'.</msg>
<arg>${locator}</arg>
<arg>${text}</arg>
<doc>Types the given ``text`` into the text field identified by ``locator``.</doc>
<status status="PASS" start="2025-02-13T09:57:29.598658" elapsed="0.043952"/>
</kw>
<arg>5x</arg>
<arg>2s</arg>
<arg>Input Text</arg>
<arg>${locator}</arg>
<arg>${text}</arg>
<doc>Runs the specified keyword and retries if it fails.</doc>
<status status="PASS" start="2025-02-13T09:57:29.598532" elapsed="0.044174"/>
</kw>
<arg>name=newPassword</arg>
<arg>${newPassword}</arg>
<status status="PASS" start="2025-02-13T09:57:29.598302" elapsed="0.044468"/>
</kw>
<kw name="Wait until element is ready then input text" owner="CommonKeywords">
<kw name="Wait Until Keyword Succeeds" owner="BuiltIn">
<kw name="Input Text" owner="SeleniumLibrary">
<msg time="2025-02-13T09:57:29.643606" level="INFO">Typing text '12345678Ab' into text field 'name=confirmPassword'.</msg>
<arg>${locator}</arg>
<arg>${text}</arg>
<doc>Types the given ``text`` into the text field identified by ``locator``.</doc>
<status status="PASS" start="2025-02-13T09:57:29.643400" elapsed="0.045464"/>
</kw>
<arg>5x</arg>
<arg>2s</arg>
<arg>Input Text</arg>
<arg>${locator}</arg>
<arg>${text}</arg>
<doc>Runs the specified keyword and retries if it fails.</doc>
<status status="PASS" start="2025-02-13T09:57:29.643207" elapsed="0.045753"/>
</kw>
<arg>name=confirmPassword</arg>
<arg>${confirmPassword}</arg>
<status status="PASS" start="2025-02-13T09:57:29.642906" elapsed="0.046108"/>
</kw>
<kw name="Wait until element is ready then click element" owner="CommonKeywords">
<kw name="Wait Until Keyword Succeeds" owner="BuiltIn">
<kw name="Click Element" owner="SeleniumLibrary">
<msg time="2025-02-13T09:57:29.689708" level="INFO">Clicking element 'xpath=//input[@type='checkbox']'.</msg>
<arg>${locator}</arg>
<doc>Click the element identified by ``locator``.</doc>
<status status="PASS" start="2025-02-13T09:57:29.689590" elapsed="0.038523"/>
</kw>
<arg>5x</arg>
<arg>2s</arg>
<arg>Click Element</arg>
<arg>${locator}</arg>
<doc>Runs the specified keyword and retries if it fails.</doc>
<status status="PASS" start="2025-02-13T09:57:29.689464" elapsed="0.038765"/>
</kw>
<arg>xpath=//input[@type='checkbox']</arg>
<status status="PASS" start="2025-02-13T09:57:29.689260" elapsed="0.039036"/>
</kw>
<kw name="Wait until element is ready then click element" owner="CommonKeywords">
<kw name="Wait Until Keyword Succeeds" owner="BuiltIn">
<kw name="Click Element" owner="SeleniumLibrary">
<msg time="2025-02-13T09:57:29.729039" level="INFO">Clicking element 'xpath=//button[@type='submit' and text()='สมัครสมาชิก']'.</msg>
<arg>${locator}</arg>
<doc>Click the element identified by ``locator``.</doc>
<status status="PASS" start="2025-02-13T09:57:29.728884" elapsed="0.058033"/>
</kw>
<arg>5x</arg>
<arg>2s</arg>
<arg>Click Element</arg>
<arg>${locator}</arg>
<doc>Runs the specified keyword and retries if it fails.</doc>
<status status="PASS" start="2025-02-13T09:57:29.728725" elapsed="0.058299"/>
</kw>
<arg>xpath=//button[@type='submit' and text()='สมัครสมาชิก']</arg>
<status status="PASS" start="2025-02-13T09:57:29.728472" elapsed="0.058632"/>
</kw>
<status status="PASS" start="2025-02-13T09:57:26.327311" elapsed="3.459848"/>
</kw>
<kw name="Then future skill register page will be display message as &quot;ระบบได้ส่งรหัส OTP&quot;" owner="RegisterKeywords" source_name="future skill register page will be display message as &quot;${expected_message}&quot;">
<kw name="Wait until page contains element then verify text" owner="CommonKeywords">
<kw name="Wait Until Keyword Succeeds" owner="BuiltIn">
<kw name="Page Should Contain" owner="SeleniumLibrary">
<msg time="2025-02-13T09:57:30.000052" level="INFO" html="true">&lt;/td&gt;&lt;/tr&gt;&lt;tr&gt;&lt;td colspan="3"&gt;&lt;a href="selenium-screenshot-11.png"&gt;&lt;img src="selenium-screenshot-11.png" width="800px"&gt;&lt;/a&gt;</msg>
<msg time="2025-02-13T09:57:30.000180" level="FAIL">StaleElementReferenceException: Message: stale element reference: stale element not found in the current frame
  (Session info: chrome=133.0.6943.60); For documentation on this error, please visit: https://www.selenium.dev/documentation/webdriver/troubleshooting/errors#stale-element-reference-exception
Stacktrace:
	GetHandleVerifier [0x00007FF62D456F15+28773]
	(No symbol) [0x00007FF62D3C2600]
	(No symbol) [0x00007FF62D258FAA]
	(No symbol) [0x00007FF62D2609B9]
	(No symbol) [0x00007FF62D26377C]
	(No symbol) [0x00007FF62D26384F]
	(No symbol) [0x00007FF62D2B2D21]
	(No symbol) [0x00007FF62D30198E]
	(No symbol) [0x00007FF62D2D724A]
	(No symbol) [0x00007FF62D2FF6F3]
	(No symbol) [0x00007FF62D2D7023]
	(No symbol) [0x00007FF62D29FF5E]
	(No symbol) [0x00007FF62D2A11E3]
	GetHandleVerifier [0x00007FF62D7A425D+3490733]
	GetHandleVerifier [0x00007FF62D7BBA43+3586963]
	GetHandleVerifier [0x00007FF62D7B147D+3544525]
	GetHandleVerifier [0x00007FF62D51C9DA+838442]
	(No symbol) [0x00007FF62D3CD04F]
	(No symbol) [0x00007FF62D3C9614]
	(No symbol) [0x00007FF62D3C97B6]
	(No symbol) [0x00007FF62D3B8CE9]
	BaseThreadInitThunk [0x00007FFC1634E8D7+23]
	RtlUserThreadStart [0x00007FFC1683BF2C+44]
</msg>
<arg>${expected_text}</arg>
<doc>Verifies that current page contains ``text``.</doc>
<status status="FAIL" start="2025-02-13T09:57:29.788381" elapsed="0.213408">StaleElementReferenceException: Message: stale element reference: stale element not found in the current frame
  (Session info: chrome=133.0.6943.60); For documentation on this error, please visit: https://www.selenium.dev/documentation/webdriver/troubleshooting/errors#stale-element-reference-exception
Stacktrace:
	GetHandleVerifier [0x00007FF62D456F15+28773]
	(No symbol) [0x00007FF62D3C2600]
	(No symbol) [0x00007FF62D258FAA]
	(No symbol) [0x00007FF62D2609B9]
	(No symbol) [0x00007FF62D26377C]
	(No symbol) [0x00007FF62D26384F]
	(No symbol) [0x00007FF62D2B2D21]
	(No symbol) [0x00007FF62D30198E]
	(No symbol) [0x00007FF62D2D724A]
	(No symbol) [0x00007FF62D2FF6F3]
	(No symbol) [0x00007FF62D2D7023]
	(No symbol) [0x00007FF62D29FF5E]
	(No symbol) [0x00007FF62D2A11E3]
	GetHandleVerifier [0x00007FF62D7A425D+3490733]
	GetHandleVerifier [0x00007FF62D7BBA43+3586963]
	GetHandleVerifier [0x00007FF62D7B147D+3544525]
	GetHandleVerifier [0x00007FF62D51C9DA+838442]
	(No symbol) [0x00007FF62D3CD04F]
	(No symbol) [0x00007FF62D3C9614]
	(No symbol) [0x00007FF62D3C97B6]
	(No symbol) [0x00007FF62D3B8CE9]
	BaseThreadInitThunk [0x00007FFC1634E8D7+23]
	RtlUserThreadStart [0x00007FFC1683BF2C+44]
</status>
</kw>
<kw name="Page Should Contain" owner="SeleniumLibrary">
<msg time="2025-02-13T09:57:32.018800" level="INFO">Current page contains text 'ระบบได้ส่งรหัส OTP'.</msg>
<arg>${expected_text}</arg>
<doc>Verifies that current page contains ``text``.</doc>
<status status="PASS" start="2025-02-13T09:57:32.003234" elapsed="0.015787"/>
</kw>
<arg>5x</arg>
<arg>2s</arg>
<arg>Page Should Contain</arg>
<arg>${expected_text}</arg>
<doc>Runs the specified keyword and retries if it fails.</doc>
<status status="PASS" start="2025-02-13T09:57:29.788160" elapsed="2.231087"/>
</kw>
<arg>${expected_message}</arg>
<status status="PASS" start="2025-02-13T09:57:29.787886" elapsed="2.231552"/>
</kw>
<status status="PASS" start="2025-02-13T09:57:29.787552" elapsed="2.231936"/>
</kw>
<status status="PASS" start="2025-02-13T09:57:26.326344" elapsed="5.693409"/>
</test>
<status status="PASS" start="2025-02-13T09:57:24.464371" elapsed="7.555979"/>
</suite>
<status status="PASS" start="2025-02-13T09:57:24.447721" elapsed="7.573250"/>
</suite>
<statistics>
<total>
<stat pass="1" fail="0" skip="0">All Tests</stat>
</total>
<tag>
</tag>
<suite>
<stat name="Testcases" id="s1" pass="1" fail="0" skip="0">Testcases</stat>
<stat name="RegisterTestcases" id="s1-s1" pass="1" fail="0" skip="0">Testcases.RegisterTestcases</stat>
</suite>
</statistics>
<errors>
</errors>
</robot>
